{
  "stats": {
    "suites": 1,
    "tests": 1,
    "passes": 0,
    "pending": 0,
    "failures": 1,
    "start": "2022-11-11T20:25:05.461Z",
    "end": "2022-11-11T20:25:18.111Z",
    "duration": 12650,
    "testsRegistered": 1,
    "passPercent": 0,
    "pendingPercent": 0,
    "other": 0,
    "hasOther": false,
    "skipped": 0,
    "hasSkipped": false
  },
  "results": [
    {
      "uuid": "7ff2f34c-348c-4175-b03c-a4c4e26b5324",
      "title": "",
      "fullFile": "cypress\\e2e\\alura-pic\\login.cy.js",
      "file": "cypress\\e2e\\alura-pic\\login.cy.js",
      "beforeHooks": [],
      "afterHooks": [],
      "tests": [],
      "suites": [
        {
          "uuid": "27d5662a-90c3-43cb-af4e-2e0a8e27930f",
          "title": "Login de usuarios alura pic",
          "fullFile": "",
          "file": "",
          "beforeHooks": [],
          "afterHooks": [],
          "tests": [
            {
              "title": "fazer login de usuario invalido com stub",
              "fullTitle": "Login de usuarios alura pic fazer login de usuario invalido com stub",
              "timedOut": null,
              "duration": 8951,
              "state": "failed",
              "speed": null,
              "pass": false,
              "fail": true,
              "pending": false,
              "context": null,
              "code": "cy.login(Cypress.env('userName'), Cypress.env('password'));\ncy.wait('@stubPost');",
              "err": {
                "message": "CypressError: Timed out retrying after 5000ms: `cy.wait()` timed out waiting `5000ms` for the 1st request to the route: `stubPost`. No request ever occurred.\n\nhttps://on.cypress.io/wait",
                "estack": "CypressError: Timed out retrying after 5000ms: `cy.wait()` timed out waiting `5000ms` for the 1st request to the route: `stubPost`. No request ever occurred.\n\nhttps://on.cypress.io/wait\n    at cypressErr (https://alura-fotos.herokuapp.com/__cypress/runner/cypress_runner.js:160963:18)\n    at Object.errByPath (https://alura-fotos.herokuapp.com/__cypress/runner/cypress_runner.js:161032:10)\n    at checkForXhr (https://alura-fotos.herokuapp.com/__cypress/runner/cypress_runner.js:146217:92)\n    at <unknown> (https://alura-fotos.herokuapp.com/__cypress/runner/cypress_runner.js:146240:28)\n    at tryCatcher (https://alura-fotos.herokuapp.com/__cypress/runner/cypress_runner.js:11318:23)\n    at Promise.attempt.Promise.try (https://alura-fotos.herokuapp.com/__cypress/runner/cypress_runner.js:8592:29)\n    at whenStable (https://alura-fotos.herokuapp.com/__cypress/runner/cypress_runner.js:152819:65)\n    at <unknown> (https://alura-fotos.herokuapp.com/__cypress/runner/cypress_runner.js:152244:14)\n    at tryCatcher (https://alura-fotos.herokuapp.com/__cypress/runner/cypress_runner.js:11318:23)\n    at Promise._settlePromiseFromHandler (https://alura-fotos.herokuapp.com/__cypress/runner/cypress_runner.js:9253:31)\n    at Promise._settlePromise (https://alura-fotos.herokuapp.com/__cypress/runner/cypress_runner.js:9310:18)\n    at Promise._settlePromise0 (https://alura-fotos.herokuapp.com/__cypress/runner/cypress_runner.js:9355:10)\n    at Promise._settlePromises (https://alura-fotos.herokuapp.com/__cypress/runner/cypress_runner.js:9435:18)\n    at Promise._fulfill (https://alura-fotos.herokuapp.com/__cypress/runner/cypress_runner.js:9379:18)\n    at <unknown> (https://alura-fotos.herokuapp.com/__cypress/runner/cypress_runner.js:10993:46)\nFrom Your Spec Code:\n    at Context.eval (webpack:///./cypress/e2e/alura-pic/login.cy.js:18:11)",
                "diff": null
              },
              "uuid": "e1e026cd-395d-4b7a-8c2f-b2ccb1865014",
              "parentUUID": "27d5662a-90c3-43cb-af4e-2e0a8e27930f",
              "isHook": false,
              "skipped": false
            }
          ],
          "suites": [],
          "passes": [],
          "failures": [
            "e1e026cd-395d-4b7a-8c2f-b2ccb1865014"
          ],
          "pending": [],
          "skipped": [],
          "duration": 8951,
          "root": false,
          "rootEmpty": false,
          "_timeout": 2000
        }
      ],
      "passes": [],
      "failures": [],
      "pending": [],
      "skipped": [],
      "duration": 0,
      "root": true,
      "rootEmpty": true,
      "_timeout": 2000
    }
  ],
  "meta": {
    "mocha": {
      "version": "7.0.1"
    },
    "mochawesome": {
      "options": {
        "quiet": false,
        "reportFilename": "mochawesome",
        "saveHtml": true,
        "saveJson": true,
        "consoleReporter": "spec",
        "useInlineDiffs": false,
        "code": true
      },
      "version": "7.1.3"
    },
    "marge": {
      "options": null,
      "version": "6.2.0"
    }
  }
}